
=====================================================================
This module is intended solely for building or source activating user
python environments, i.e.,

    mamba create -n myenv -c conda-forge

or

    source activate myenv

To list available environments, run:

    mamba info --envs

See our docs: https://links.asu.edu/solpy

Any other use is NOT TESTED.
=====================================================================

  
Traceback (most recent call last):
  File "/scratch/ssiingh/JLiangLab/Ark-modif/main_ark.py", line 14, in <module>
    from engine import ark_engine
  File "/scratch/ssiingh/JLiangLab/Ark-modif/engine.py", line 11, in <module>
    from models import build_omni_model, build_omni_model_from_checkpoint, save_checkpoint
  File "/scratch/ssiingh/JLiangLab/Ark-modif/models.py", line 10, in <module>
    from Computervision_models_2023.Classification.InternImage.intern_image import main
  File "/scratch/ssiingh/JLiangLab/Ark-modif/Computervision_models_2023/Classification/InternImage/intern_image.py", line 16, in <module>
    import Computervision_models_2023.Classification.InternImage.dcn_v3 as opsm
  File "/scratch/ssiingh/JLiangLab/Ark-modif/Computervision_models_2023/Classification/InternImage/dcn_v3.py", line 19, in <module>
    import DCNv3 as _C
ModuleNotFoundError: No module named 'DCNv3'
