
=====================================================================
This module is intended solely for building or source activating user
python environments, i.e.,

    mamba create -n myenv -c conda-forge

or

    source activate myenv

To list available environments, run:

    mamba info --envs

See our docs: https://links.asu.edu/solpy

Any other use is NOT TESTED.
=====================================================================

  
/var/spool/slurmd/job13219967/slurm_script: line 17: cd: /scratch/ssiingh/CSE507/classification/models/Ark: No such file or directory
Traceback (most recent call last):
  File "/scratch/ssiingh/JLiangLab/Ark-modif/main_ark.py", line 14, in <module>
    from engine import ark_engine
  File "/scratch/ssiingh/JLiangLab/Ark-modif/engine.py", line 11, in <module>
    from models import build_omni_model, build_omni_model_from_checkpoint, save_checkpoint
  File "/scratch/ssiingh/JLiangLab/Ark-modif/models.py", line 8, in <module>
    import timm.models.swin_transformer_v2 as swinv2
ModuleNotFoundError: No module named 'timm.models.swin_transformer_v2'
